app/build/outputs/logs/manifest-merger-debug-report.txt
-- Merging decision tree log ---
manifest
ADDED from src/main/AndroidManifest.xml:2:1-66:12
	package
		ADDED from src/main/AndroidManifest.xml:3:5-33
		INJECTED from src/main/AndroidManifest.xml
		INJECTED from src/main/AndroidManifest.xml
	android:versionName
		INJECTED from src/main/AndroidManifest.xml
		INJECTED from src/main/AndroidManifest.xml
	xmlns:android
		ADDED from src/main/AndroidManifest.xml:2:11-69
	android:versionCode
		INJECTED from src/main/AndroidManifest.xml
		INJECTED from src/main/AndroidManifest.xml
uses-permission#android.permission.ACCESS_NETWORK_STATE
ADDED from src/main/AndroidManifest.xml:4:1-74
	android:name
		ADDED from src/main/AndroidManifest.xml:4:18-72
uses-permission#android.permission.INTERNET
ADDED from src/main/AndroidManifest.xml:5:5-66
	android:name
		ADDED from src/main/AndroidManifest.xml:5:22-64
supports-screens
ADDED from src/main/AndroidManifest.xml:7:5-13:5
	android:largeScreens
		ADDED from src/main/AndroidManifest.xml:10:5-32
	android:smallScreens
		ADDED from src/main/AndroidManifest.xml:8:5-33
	android:normalScreens
		ADDED from src/main/AndroidManifest.xml:9:5-33
	android:xlargeScreens
		ADDED from src/main/AndroidManifest.xml:11:5-33
	android:resizeable
		ADDED from src/main/AndroidManifest.xml:7:23-48
	android:anyDensity
		ADDED from src/main/AndroidManifest.xml:12:5-30
application
ADDED from src/main/AndroidManifest.xml:16:5-64:19
MERGED from [com.android.support:appcompat-v7:23.4.0] AndroidManifest.xml:25:5-20
MERGED from [com.android.support:animated-vector-drawable:23.4.0] AndroidManifest.xml:7:5-20
MERGED from [com.android.support:support-vector-drawable:23.4.0] AndroidManifest.xml:7:5-20
MERGED from [com.android.support:support-v4:23.4.0] AndroidManifest.xml:22:5-20
MERGED from [com.android.support:support-v4:23.4.0] AndroidManifest.xml:22:5-20
MERGED from [com.android.support:support-vector-drawable:23.4.0] AndroidManifest.xml:7:5-20
MERGED from [com.android.support:support-v4:23.4.0] AndroidManifest.xml:22:5-20
MERGED from [com.android.support:design:23.4.0] AndroidManifest.xml:22:5-20
MERGED from [com.android.support:support-v4:23.4.0] AndroidManifest.xml:22:5-20
MERGED from [com.android.support:appcompat-v7:23.4.0] AndroidManifest.xml:25:5-20
MERGED from [com.android.support:animated-vector-drawable:23.4.0] AndroidManifest.xml:7:5-20
MERGED from [com.android.support:support-vector-drawable:23.4.0] AndroidManifest.xml:7:5-20
MERGED from [com.android.support:support-v4:23.4.0] AndroidManifest.xml:22:5-20
MERGED from [com.android.support:support-v4:23.4.0] AndroidManifest.xml:22:5-20
MERGED from [com.android.support:support-vector-drawable:23.4.0] AndroidManifest.xml:7:5-20
MERGED from [com.android.support:support-v4:23.4.0] AndroidManifest.xml:22:5-20
MERGED from [com.android.support:support-v4:23.4.0] AndroidManifest.xml:22:5-20
MERGED from [com.android.support:support-v4:23.4.0] AndroidManifest.xml:22:5-20
	android:label
		ADDED from src/main/AndroidManifest.xml:19:9-41
	android:supportsRtl
		ADDED from src/main/AndroidManifest.xml:20:9-35
	android:allowBackup
		ADDED from src/main/AndroidManifest.xml:17:9-35
	android:icon
		ADDED from src/main/AndroidManifest.xml:18:9-43
	android:theme
		ADDED from src/main/AndroidManifest.xml:21:9-40
activity#com.app.medivision.Layout6Sync
ADDED from src/main/AndroidManifest.xml:24:1-25:44
	android:screenOrientation
		ADDED from src/main/AndroidManifest.xml:25:5-42
	android:name
		ADDED from src/main/AndroidManifest.xml:24:11-56
activity#com.app.medivision.Layout1AgeGender
ADDED from src/main/AndroidManifest.xml:26:9-27:52
	android:screenOrientation
		ADDED from src/main/AndroidManifest.xml:27:13-50
	android:name
		ADDED from src/main/AndroidManifest.xml:26:19-69
activity#com.app.medivision.Layout2CheckBox
ADDED from src/main/AndroidManifest.xml:28:9-29:52
	android:screenOrientation
		ADDED from src/main/AndroidManifest.xml:29:13-50
	android:name
		ADDED from src/main/AndroidManifest.xml:28:19-68
activity#com.app.medivision.Layout3Cholestrol
ADDED from src/main/AndroidManifest.xml:30:9-31:52
	android:screenOrientation
		ADDED from src/main/AndroidManifest.xml:31:13-50
	android:name
		ADDED from src/main/AndroidManifest.xml:30:19-70
activity#com.app.medivision.Layout5Message
ADDED from src/main/AndroidManifest.xml:32:9-33:52
	android:screenOrientation
		ADDED from src/main/AndroidManifest.xml:33:13-50
	android:name
		ADDED from src/main/AndroidManifest.xml:32:19-67
activity#com.app.medivision.Layout4Bmi
ADDED from src/main/AndroidManifest.xml:34:9-35:52
	android:screenOrientation
		ADDED from src/main/AndroidManifest.xml:35:13-50
	android:name
		ADDED from src/main/AndroidManifest.xml:34:19-63
activity#com.app.medivision.Layout7Family
ADDED from src/main/AndroidManifest.xml:36:9-37:52
	android:screenOrientation
		ADDED from src/main/AndroidManifest.xml:37:13-50
	android:name
		ADDED from src/main/AndroidManifest.xml:36:19-66
activity#com.app.medivision.ShareWith
ADDED from src/main/AndroidManifest.xml:38:9-40:15
	android:screenOrientation
		ADDED from src/main/AndroidManifest.xml:39:13-50
	android:name
		ADDED from src/main/AndroidManifest.xml:38:19-62
activity#com.app.medivision.FinalRisk
ADDED from src/main/AndroidManifest.xml:41:9-42:52
	android:screenOrientation
		ADDED from src/main/AndroidManifest.xml:42:13-50
	android:name
		ADDED from src/main/AndroidManifest.xml:41:19-62
activity#com.app.medivision.Diabetes
ADDED from src/main/AndroidManifest.xml:43:9-44:52
	android:screenOrientation
		ADDED from src/main/AndroidManifest.xml:44:13-50
	android:name
		ADDED from src/main/AndroidManifest.xml:43:19-61
activity#com.app.medivision.BloodPressure
ADDED from src/main/AndroidManifest.xml:45:9-46:52
	android:screenOrientation
		ADDED from src/main/AndroidManifest.xml:46:13-50
	android:name
		ADDED from src/main/AndroidManifest.xml:45:19-66
activity#com.app.medivision.SmokeActivity
ADDED from src/main/AndroidManifest.xml:47:9-48:54
	android:screenOrientation
		ADDED from src/main/AndroidManifest.xml:48:13-50
	android:name
		ADDED from src/main/AndroidManifest.xml:47:19-66
activity#com.app.medivision.StartActivity
ADDED from src/main/AndroidManifest.xml:49:9-51:9
	android:screenOrientation
		ADDED from src/main/AndroidManifest.xml:50:13-50
	android:name
		ADDED from src/main/AndroidManifest.xml:49:19-66
activity#com.app.medivision.SplashScreen
ADDED from src/main/AndroidManifest.xml:52:9-60:20
	android:screenOrientation
		ADDED from src/main/AndroidManifest.xml:53:13-50
	android:noHistory
		ADDED from src/main/AndroidManifest.xml:54:13-37
	android:name
		ADDED from src/main/AndroidManifest.xml:52:19-65
intent-filter#android.intent.action.MAIN+android.intent.category.LAUNCHER
ADDED from src/main/AndroidManifest.xml:55:13-59:29
action#android.intent.action.MAIN
ADDED from src/main/AndroidManifest.xml:56:17-69
	android:name
		ADDED from src/main/AndroidManifest.xml:56:25-66
category#android.intent.category.LAUNCHER
ADDED from src/main/AndroidManifest.xml:58:17-77
	android:name
		ADDED from src/main/AndroidManifest.xml:58:27-74
uses-sdk
INJECTED from src/main/AndroidManifest.xml reason: use-sdk injection requested
MERGED from [com.android.support:appcompat-v7:23.4.0] AndroidManifest.xml:21:5-23:78
MERGED from [com.android.support:animated-vector-drawable:23.4.0] AndroidManifest.xml:5:5-44
MERGED from [com.android.support:support-vector-drawable:23.4.0] AndroidManifest.xml:5:5-43
MERGED from [com.android.support:support-v4:23.4.0] AndroidManifest.xml:20:5-43
MERGED from [com.android.support:support-v4:23.4.0] AndroidManifest.xml:20:5-43
MERGED from [com.android.support:support-vector-drawable:23.4.0] AndroidManifest.xml:5:5-43
MERGED from [com.android.support:support-v4:23.4.0] AndroidManifest.xml:20:5-43
MERGED from [com.android.support:design:23.4.0] AndroidManifest.xml:20:5-43
MERGED from [com.android.support:recyclerview-v7:23.4.0] AndroidManifest.xml:20:5-43
MERGED from [com.android.support:support-v4:23.4.0] AndroidManifest.xml:20:5-43
MERGED from [com.android.support:appcompat-v7:23.4.0] AndroidManifest.xml:21:5-23:78
MERGED from [com.android.support:animated-vector-drawable:23.4.0] AndroidManifest.xml:5:5-44
MERGED from [com.android.support:support-vector-drawable:23.4.0] AndroidManifest.xml:5:5-43
MERGED from [com.android.support:support-v4:23.4.0] AndroidManifest.xml:20:5-43
MERGED from [com.android.support:support-v4:23.4.0] AndroidManifest.xml:20:5-43
MERGED from [com.android.support:support-vector-drawable:23.4.0] AndroidManifest.xml:5:5-43
MERGED from [com.android.support:support-v4:23.4.0] AndroidManifest.xml:20:5-43
MERGED from [com.android.support:support-v4:23.4.0] AndroidManifest.xml:20:5-43
MERGED from [pl.droidsonroids.gif:android-gif-drawable:1.1.16] AndroidManifest.xml:7:5-9:41
MERGED from [com.android.support:recyclerview-v7:23.4.0] AndroidManifest.xml:20:5-43
MERGED from [com.android.support:support-v4:23.4.0] AndroidManifest.xml:20:5-43
	tools:overrideLibrary
		ADDED from [com.android.support:appcompat-v7:23.4.0] AndroidManifest.xml:23:9-75
	android:targetSdkVersion
		INJECTED from src/main/AndroidManifest.xml
		INJECTED from src/main/AndroidManifest.xml
	android:minSdkVersion
		INJECTED from src/main/AndroidManifest.xml
		INJECTED from src/main/AndroidManifest.xml